# QEMU configure log Wed Jun 25 10:02:29 UTC 2025
# Configured with: '../configure' '--target-list=arm-softmmu'

#
cc -c -o config-temp/qemu-conf.o config-temp/qemu-conf.c
cc -c -o config-temp/qemu-conf.o config-temp/qemu-conf.c
config-temp/qemu-conf.c:2:2: error: #error __i386__ not defined
    2 | #error __i386__ not defined
      |  ^~~~~
cc -c -o config-temp/qemu-conf.o config-temp/qemu-conf.c
config-temp/qemu-conf.c:2:2: error: #error __x86_64__ not defined
    2 | #error __x86_64__ not defined
      |  ^~~~~
cc -c -o config-temp/qemu-conf.o config-temp/qemu-conf.c
config-temp/qemu-conf.c:2:2: error: #error __sparc__ not defined
    2 | #error __sparc__ not defined
      |  ^~~~~
cc -c -o config-temp/qemu-conf.o config-temp/qemu-conf.c
config-temp/qemu-conf.c:2:2: error: #error _ARCH_PPC not defined
    2 | #error _ARCH_PPC not defined
      |  ^~~~~
cc -c -o config-temp/qemu-conf.o config-temp/qemu-conf.c
config-temp/qemu-conf.c:2:2: error: #error __mips__ not defined
    2 | #error __mips__ not defined
      |  ^~~~~
cc -c -o config-temp/qemu-conf.o config-temp/qemu-conf.c
config-temp/qemu-conf.c:2:2: error: #error __s390__ not defined
    2 | #error __s390__ not defined
      |  ^~~~~
cc -c -o config-temp/qemu-conf.o config-temp/qemu-conf.c
config-temp/qemu-conf.c:2:2: error: #error __riscv not defined
    2 | #error __riscv not defined
      |  ^~~~~
cc -c -o config-temp/qemu-conf.o config-temp/qemu-conf.c
config-temp/qemu-conf.c:2:2: error: #error __arm__ not defined
    2 | #error __arm__ not defined
      |  ^~~~~
cc -c -o config-temp/qemu-conf.o config-temp/qemu-conf.c
cc -c -o config-temp/qemu-conf.o config-temp/qemu-conf.c
cc -Werror -fPIE -DPIE -o config-temp/qemu-conf.exe config-temp/qemu-conf.c -pie
cc -o config-temp/qemu-conf.exe config-temp/qemu-conf.c
config-temp/qemu-conf.c:2:3: error: #error LITTLE
    2 | # error LITTLE
      |   ^~~~~
